<?xml version="1.0" encoding="UTF-8"?>
<testsuite xmlns:xsi="http://www.w3.org/2001/XMLSchema-instance" xsi:noNamespaceSchemaLocation="https://maven.apache.org/surefire/maven-surefire-plugin/xsd/surefire-test-report.xsd" name="MainTest" time="3.864" tests="18" errors="0" skipped="0" failures="0">
  <properties>
[...]
</properties>
  <testcase name="testBedInstanceTypes" classname="MainTest" time="0.19"/>
  <testcase name="testBedAccessModifiers" classname="MainTest" time="0.012"/>
  <testcase name="testCarpetInstanceTypes" classname="MainTest" time="0.003"/>
  <testcase name="testCeilingInstanceTypes" classname="MainTest" time="0.002"/>
  <testcase name="testCeilingAccessModifiers" classname="MainTest" time="0.006"/>
  <testcase name="testLampInstanceTypes" classname="MainTest" time="0.01"/>
  <testcase name="testWallCreateMethod" classname="MainTest" time="0.033"/>
  <testcase name="testWallAccessModifiers" classname="MainTest" time="0.005"/>
  <testcase name="testLampAccessModifiers" classname="MainTest" time="0.002"/>
  <testcase name="testWardrobeAddMethod" classname="MainTest" time="0.004"/>
  <testcase name="testWardrobeInstanceTypes" classname="MainTest" time="0.002"/>
  <testcase name="testCeilingCreateMethod" classname="MainTest" time="0.014"/>
  <testcase name="testWardrobeAccessModifiers" classname="MainTest" time="0.004"/>
  <testcase name="testLampTypes" classname="MainTest" time="0.003"/>
  <testcase name="testCarpetAccessModifiers" classname="MainTest" time="0.003"/>
  <testcase name="testBedMakeMethod" classname="MainTest" time="0.004"/>
  <testcase name="testCarpetLyingMethod" classname="MainTest" time="0.003"/>
  <testcase name="testWallInstanceTypes" classname="MainTest" time="0.002"/>
</testsuite>